<?xml version="1.0" encoding="UTF-8"?>
<!-- Generated by org.testng.reporters.JUnitReportReporter -->
<testsuite hostname="DESKTOP-M7DU299" failures="0" tests="3" name="textNG_Project_4_SauceDemo.copy.TestClass_2" time="5.800" errors="0" timestamp="2022-09-23T17:15:48 IST" skipped="1">
  <testcase classname="textNG_Project_4_SauceDemo.copy.TestClass_2" name="checkAddToCart" time="3.147"/>
  <system-out/>
  <testcase classname="textNG_Project_4_SauceDemo.copy.TestClass_2" name="checkAddToCart" time="2.653"/>
  <system-out/>
  <testcase classname="textNG_Project_4_SauceDemo.copy.TestClass_2" name="checkAddToCart" time="0.000">
    <skipped/>
  </testcase> <!-- checkAddToCart -->
  <system-out/>
</testsuite> <!-- textNG_Project_4_SauceDemo.copy.TestClass_2 -->
