<?xml version="1.0" encoding="UTF-8"?>
<!-- Generated by org.testng.reporters.JUnitReportReporter -->
<testsuite hostname="DESKTOP-M7DU299" failures="0" tests="3" name="assertions.Soft_Assert" time="0.000" errors="0" timestamp="2022-09-20T11:06:47 IST" skipped="3">
  <testcase classname="assertions.Soft_Assert" name="I_softAssert" time="0.000">
    <skipped/>
  </testcase> <!-- I_softAssert -->
  <system-out/>
  <testcase classname="assertions.Soft_Assert" name="II_softAssert" time="0.000">
    <skipped/>
  </testcase> <!-- II_softAssert -->
  <system-out/>
  <testcase classname="assertions.Soft_Assert" name="III_softAssert" time="0.000">
    <skipped/>
  </testcase> <!-- III_softAssert -->
  <system-out/>
</testsuite> <!-- assertions.Soft_Assert -->
