<?xml version="1.0" encoding="UTF-8"?>
<!-- Generated by org.testng.reporters.JUnitReportReporter -->
<testsuite hostname="DESKTOP-M7DU299" failures="0" tests="2" name="suit_Learn.I_Priority" time="0.028" errors="0" timestamp="2022-09-13T15:15:25 IST" skipped="0">
  <testcase classname="suit_Learn.I_Priority" name="first" time="0.025"/>
  <system-out/>
  <testcase classname="suit_Learn.I_Priority" name="third" time="0.003"/>
  <system-out/>
</testsuite> <!-- suit_Learn.I_Priority -->
