<?xml version="1.0" encoding="UTF-8"?>
<!-- Generated by org.testng.reporters.JUnitReportReporter -->
<testsuite hostname="DESKTOP-M7DU299" failures="0" tests="3" name="suit_Learn.II_dependsOnMethods" time="0.014" errors="0" timestamp="2022-09-13T15:15:25 IST" skipped="0">
  <testcase classname="suit_Learn.II_dependsOnMethods" name="third" time="0.004"/>
  <system-out/>
  <testcase classname="suit_Learn.II_dependsOnMethods" name="second" time="0.005"/>
  <system-out/>
  <testcase classname="suit_Learn.II_dependsOnMethods" name="first" time="0.005"/>
  <system-out/>
</testsuite> <!-- suit_Learn.II_dependsOnMethods -->
