<?xml version="1.0" encoding="UTF-8"?>
<!-- Generated by org.testng.reporters.JUnitReportReporter -->
<testsuite hostname="DESKTOP-M7DU299" failures="0" tests="2" name="com.akash.AppTest" time="0.000" errors="0" timestamp="2022-09-20T11:06:47 IST" skipped="2">
  <testcase classname="com.akash.AppTest" name="testLogin1" time="0.000">
    <skipped/>
  </testcase> <!-- testLogin1 -->
  <system-out/>
  <testcase classname="com.akash.AppTest" name="testLogin2" time="0.000">
    <skipped/>
  </testcase> <!-- testLogin2 -->
  <system-out/>
</testsuite> <!-- com.akash.AppTest -->
