<?xml version="1.0" encoding="UTF-8"?>
<!-- Generated by org.testng.reporters.JUnitReportReporter -->
<testsuite hostname="DESKTOP-M7DU299" failures="0" tests="1" name="textNG_Project_4_SauceDemo.TestClass_1" time="0.776" errors="0" timestamp="2022-09-20T13:35:03 IST" skipped="0">
  <testcase classname="textNG_Project_4_SauceDemo.TestClass_1" name="testLoginButton" time="0.776"/>
  <system-out/>
</testsuite> <!-- textNG_Project_4_SauceDemo.TestClass_1 -->
