<?xml version="1.0" encoding="UTF-8"?>
<!-- Generated by org.testng.reporters.JUnitReportReporter -->
<testsuite hostname="DESKTOP-M7DU299" failures="0" tests="1" name="textNG_Project_3_FlipCart.TestClass_2" time="3.583" errors="0" timestamp="2022-09-20T11:08:18 IST" skipped="0">
  <testcase classname="textNG_Project_3_FlipCart.TestClass_2" name="tc1CheckTheHeadersLinks" time="3.583"/>
  <system-out/>
</testsuite> <!-- textNG_Project_3_FlipCart.TestClass_2 -->
