<?xml version="1.0" encoding="UTF-8"?>
<!-- Generated by org.testng.reporters.JUnitReportReporter -->
<testsuite hostname="DESKTOP-M7DU299" failures="0" tests="3" name="annotations.IV_InvocationCount" time="0.026" errors="0" timestamp="2022-09-13T12:28:26 IST" skipped="0">
  <testcase classname="annotations.IV_InvocationCount" name="second" time="0.002"/>
  <system-out/>
  <testcase classname="annotations.IV_InvocationCount" name="first" time="0.022"/>
  <system-out/>
  <testcase classname="annotations.IV_InvocationCount" name="third" time="0.002"/>
  <system-out/>
</testsuite> <!-- annotations.IV_InvocationCount -->
