<?xml version="1.0" encoding="UTF-8"?>
<!-- Generated by org.testng.reporters.JUnitReportReporter -->
<testsuite hostname="DESKTOP-M7DU299" failures="0" tests="1" name="testNG_Project_1_MMT.TestClass_2_HomeStays" time="0.000" errors="0" timestamp="2022-09-20T11:06:47 IST" skipped="1">
  <testcase classname="testNG_Project_1_MMT.TestClass_2_HomeStays" name="tc1checkSearchForHomeStays" time="0.000">
    <skipped/>
  </testcase> <!-- tc1checkSearchForHomeStays -->
  <system-out/>
</testsuite> <!-- testNG_Project_1_MMT.TestClass_2_HomeStays -->
