<?xml version="1.0" encoding="UTF-8"?>
<!-- Generated by org.testng.reporters.JUnitReportReporter -->
<testsuite hostname="DESKTOP-M7DU299" failures="0" tests="4" name="annotations.V_InvocationCount" time="0.000" errors="0" timestamp="2022-09-20T11:06:47 IST" skipped="4">
  <testcase classname="annotations.V_InvocationCount" name="third" time="0.000">
    <skipped/>
  </testcase> <!-- third -->
  <system-out/>
  <testcase classname="annotations.V_InvocationCount" name="first" time="0.000">
    <skipped/>
  </testcase> <!-- first -->
  <system-out/>
  <testcase classname="annotations.V_InvocationCount" name="second" time="0.000">
    <skipped/>
  </testcase> <!-- second -->
  <system-out/>
  <testcase classname="annotations.V_InvocationCount" name="second" time="0.000">
    <skipped/>
  </testcase> <!-- second -->
  <system-out/>
</testsuite> <!-- annotations.V_InvocationCount -->
