<?xml version="1.0" encoding="UTF-8"?>
<!-- Generated by org.testng.reporters.JUnitReportReporter -->
<testsuite hostname="DESKTOP-M7DU299" failures="0" tests="1" name="suit_Learn.II_TC" time="0.000" errors="0" timestamp="2022-09-20T11:06:47 IST" skipped="1">
  <testcase classname="suit_Learn.II_TC" name="second" time="0.000">
    <skipped/>
  </testcase> <!-- second -->
  <system-out/>
</testsuite> <!-- suit_Learn.II_TC -->
