<?xml version="1.0" encoding="UTF-8"?>
<!-- Generated by org.testng.reporters.JUnitReportReporter -->
<testsuite hostname="DESKTOP-M7DU299" failures="0" tests="3" name="textNG_Project_5_Screenshot.TestClass_2" time="6.494" errors="0" timestamp="2022-09-20T13:19:46 IST" skipped="0">
  <testcase classname="textNG_Project_5_Screenshot.TestClass_2" name="checkAddToCart" time="1.655"/>
  <system-out/>
  <testcase classname="textNG_Project_5_Screenshot.TestClass_2" name="checkAddToCart" time="2.423"/>
  <system-out/>
  <testcase classname="textNG_Project_5_Screenshot.TestClass_2" name="checkAddToCart" time="2.416"/>
  <system-out/>
</testsuite> <!-- textNG_Project_5_Screenshot.TestClass_2 -->
