<?xml version="1.0" encoding="UTF-8"?>
<!-- Generated by org.testng.reporters.JUnitReportReporter -->
<testsuite hostname="DESKTOP-M7DU299" failures="0" tests="2" name="assertions.Hard_Assert" time="0.000" errors="0" timestamp="2022-09-20T11:06:47 IST" skipped="2">
  <testcase classname="assertions.Hard_Assert" name="hardAssert1" time="0.000">
    <skipped/>
  </testcase> <!-- hardAssert1 -->
  <system-out/>
  <testcase classname="assertions.Hard_Assert" name="hardAssert2" time="0.000">
    <skipped/>
  </testcase> <!-- hardAssert2 -->
  <system-out/>
</testsuite> <!-- assertions.Hard_Assert -->
