<?xml version="1.0" encoding="UTF-8"?>
<!-- Generated by org.testng.reporters.JUnitReportReporter -->
<testsuite hostname="DESKTOP-M7DU299" failures="0" tests="3" name="textNG_Project_4_SauceDemo.copy.TestClass_3" time="3.314" errors="0" timestamp="2022-09-23T17:15:48 IST" skipped="1">
  <testcase classname="textNG_Project_4_SauceDemo.copy.TestClass_3" name="checkAddToCart" time="1.980"/>
  <system-out/>
  <testcase classname="textNG_Project_4_SauceDemo.copy.TestClass_3" name="checkAddToCart" time="0.000">
    <skipped/>
  </testcase> <!-- checkAddToCart -->
  <system-out/>
  <testcase classname="textNG_Project_4_SauceDemo.copy.TestClass_3" name="checkAddToCart" time="1.334"/>
  <system-out/>
</testsuite> <!-- textNG_Project_4_SauceDemo.copy.TestClass_3 -->
