<?xml version="1.0" encoding="UTF-8"?>
<!-- Generated by org.testng.reporters.JUnitReportReporter -->
<testsuite hostname="DESKTOP-M7DU299" failures="0" tests="1" name="testNG_Project_1_MMT.TestClass_2" time="7.241" errors="0" timestamp="2022-09-15T11:09:33 IST" skipped="0">
  <testcase classname="testNG_Project_1_MMT.TestClass_2" name="tc1checkSearchForHomeStays" time="7.241"/>
  <system-out/>
</testsuite> <!-- testNG_Project_1_MMT.TestClass_2 -->
