<?xml version="1.0" encoding="UTF-8"?>
<!-- Generated by org.testng.reporters.JUnitReportReporter -->
<testsuite hostname="DESKTOP-M7DU299" failures="0" tests="1" name="textNG_Project_3_FlipCart.TestClass_1" time="6.616" errors="0" timestamp="2022-09-20T11:08:18 IST" skipped="0">
  <testcase classname="textNG_Project_3_FlipCart.TestClass_1" name="tc1CheckTheaddToCart" time="6.616"/>
  <system-out/>
</testsuite> <!-- textNG_Project_3_FlipCart.TestClass_1 -->
