<?xml version="1.0" encoding="UTF-8"?>
<!-- Generated by org.testng.reporters.JUnitReportReporter -->
<testsuite hostname="DESKTOP-M7DU299" failures="0" tests="1" name="textNG_Project_6_ExcelData_Catch.TestClass_1" time="0.720" errors="0" timestamp="2022-09-20T16:21:17 IST" skipped="0">
  <testcase classname="textNG_Project_6_ExcelData_Catch.TestClass_1" name="testLoginButton" time="0.720"/>
  <system-out/>
</testsuite> <!-- textNG_Project_6_ExcelData_Catch.TestClass_1 -->
