<?xml version="1.0" encoding="UTF-8"?>
<!-- Generated by org.testng.reporters.JUnitReportReporter -->
<testsuite hostname="DESKTOP-M7DU299" failures="0" tests="3" name="annotations.I_Priority" time="0.000" errors="0" timestamp="2022-09-20T11:06:47 IST" skipped="3">
  <testcase classname="annotations.I_Priority" name="second" time="0.000">
    <skipped/>
  </testcase> <!-- second -->
  <system-out/>
  <testcase classname="annotations.I_Priority" name="first" time="0.000">
    <skipped/>
  </testcase> <!-- first -->
  <system-out/>
  <testcase classname="annotations.I_Priority" name="third" time="0.000">
    <skipped/>
  </testcase> <!-- third -->
  <system-out/>
</testsuite> <!-- annotations.I_Priority -->
