<?xml version="1.0" encoding="UTF-8"?>
<!-- Generated by org.testng.reporters.JUnitReportReporter -->
<testsuite hostname="DESKTOP-M7DU299" failures="0" tests="2" name="pom_1.TestNg" time="0.000" errors="0" timestamp="2022-09-20T11:06:47 IST" skipped="2">
  <testcase classname="pom_1.TestNg" name="test22" time="0.000">
    <skipped/>
  </testcase> <!-- test22 -->
  <system-out/>
  <testcase classname="pom_1.TestNg" name="test13" time="0.000">
    <skipped/>
  </testcase> <!-- test13 -->
  <system-out/>
</testsuite> <!-- pom_1.TestNg -->
