<?xml version="1.0" encoding="UTF-8"?>
<!-- Generated by org.testng.reporters.JUnitReportReporter -->
<testsuite hostname="DESKTOP-M7DU299" failures="0" tests="3" name="textNG_Project_5_Screenshot.TestClass_2" time="4.423" errors="0" timestamp="2022-09-24T23:08:03 IST" skipped="1">
  <testcase classname="textNG_Project_5_Screenshot.TestClass_2" name="checkAddToCart" time="2.498"/>
  <system-out/>
  <testcase classname="textNG_Project_5_Screenshot.TestClass_2" name="checkAddToCart" time="0.000">
    <skipped/>
  </testcase> <!-- checkAddToCart -->
  <system-out/>
  <testcase classname="textNG_Project_5_Screenshot.TestClass_2" name="checkAddToCart" time="1.925"/>
  <system-out/>
</testsuite> <!-- textNG_Project_5_Screenshot.TestClass_2 -->
