<?xml version="1.0" encoding="UTF-8"?>
<!-- Generated by org.testng.reporters.JUnitReportReporter -->
<testsuite hostname="DESKTOP-M7DU299" failures="0" tests="1" name="testNG_Project_MMT.TestClass_1" time="10.046" errors="0" timestamp="2022-09-09T15:17:02 IST" skipped="0">
  <testcase classname="testNG_Project_MMT.TestClass_1" name="tc1checkSearchButtonOpeation" time="10.046"/>
  <system-out/>
</testsuite> <!-- testNG_Project_MMT.TestClass_1 -->
