<?xml version="1.0" encoding="UTF-8"?>
<!-- Generated by org.testng.reporters.JUnitReportReporter -->
<testsuite hostname="DESKTOP-M7DU299" failures="0" tests="1" name="textNG_Project_4_SauceDemo.copy.copy.TestClass_4" time="0.000" errors="0" timestamp="2022-09-20T11:06:47 IST" skipped="1">
  <testcase classname="textNG_Project_4_SauceDemo.copy.copy.TestClass_4" name="checkAddToCart" time="0.000">
    <skipped/>
  </testcase> <!-- checkAddToCart -->
  <system-out/>
</testsuite> <!-- textNG_Project_4_SauceDemo.copy.copy.TestClass_4 -->
